<?xml version="1.0" encoding="UTF-8"?>
<robot generator="Robot 3.2.2 (Python 3.9.0 on win32)" generated="20201217 08:25:49.587" rpa="false">
<suite id="s1" name="Suites">
<suite id="s1-s1" name="TC1" source="C:\Users\225027\PycharmProjects\pythonProject\TestCases\TC1.robot">
<test id="s1-s1-t1" name="SampleTest">
<kw name="Open Browser" library="SeleniumLibrary">
<doc>Opens a new browser instance to the optional ``url``.</doc>
<arguments>
<arg>${url}</arg>
<arg>${browser}</arg>
</arguments>
<msg timestamp="20201217 08:25:49.829" level="INFO">Opening browser 'chrome' to base url 'https://www.google.com/'.</msg>
<status status="PASS" starttime="20201217 08:25:49.829" endtime="20201217 08:26:23.332"></status>
</kw>
<kw name="Maximize Browser Window" library="SeleniumLibrary">
<doc>Maximizes current browser window.</doc>
<kw name="Capture Page Screenshot" library="SeleniumLibrary">
<doc>Takes a screenshot of the current page and embeds it into a log file.</doc>
<msg timestamp="20201217 08:26:23.342" level="FAIL">NoSuchWindowException: Message: no such window: target window already closed
from unknown error: web view not found
  (Session info: chrome=87.0.4280.88)
</msg>
<status status="FAIL" starttime="20201217 08:26:23.334" endtime="20201217 08:26:23.342"></status>
</kw>
<msg timestamp="20201217 08:26:23.342" level="WARN">Keyword 'Capture Page Screenshot' could not be run on failure: NoSuchWindowException: Message: no such window: target window already closed
from unknown error: web view not found
  (Session info: chrome=87.0.4280.88)
</msg>
<msg timestamp="20201217 08:26:23.346" level="FAIL">NoSuchWindowException: Message: no such window: target window already closed
from unknown error: web view not found
  (Session info: chrome=87.0.4280.88)
</msg>
<status status="FAIL" starttime="20201217 08:26:23.332" endtime="20201217 08:26:23.346"></status>
</kw>
<status status="FAIL" starttime="20201217 08:25:49.814" endtime="20201217 08:26:23.347" critical="yes">NoSuchWindowException: Message: no such window: target window already closed
from unknown error: web view not found
  (Session info: chrome=87.0.4280.88)
</status>
</test>
<status status="FAIL" starttime="20201217 08:25:49.618" endtime="20201217 08:26:23.348"></status>
</suite>
<status status="FAIL" starttime="20201217 08:25:49.587" endtime="20201217 08:26:23.353"></status>
</suite>
<statistics>
<total>
<stat pass="0" fail="1">Critical Tests</stat>
<stat pass="0" fail="1">All Tests</stat>
</total>
<tag>
</tag>
<suite>
<stat pass="0" fail="1" id="s1" name="Suites">Suites</stat>
<stat pass="0" fail="1" id="s1-s1" name="TC1">Suites.TC1</stat>
</suite>
</statistics>
<errors>
<msg timestamp="20201217 08:26:23.342" level="WARN">Keyword 'Capture Page Screenshot' could not be run on failure: NoSuchWindowException: Message: no such window: target window already closed
from unknown error: web view not found
  (Session info: chrome=87.0.4280.88)
</msg>
</errors>
</robot>
